<?xml version="1.0" encoding="UTF-8"?>
<testng-results ignored="0" total="3" passed="3" failed="0" skipped="0">
  <reporter-output>
  </reporter-output>
  <suite started-at="2024-01-29T16:10:57 IST" name="Default suite" finished-at="2024-01-29T16:11:32 IST" duration-ms="34616">
    <groups>
    </groups>
    <test started-at="2024-01-29T16:10:57 IST" name="Default test" finished-at="2024-01-29T16:11:32 IST" duration-ms="34616">
      <class name="workingWithUnitTestNg.WorkingWithDataProviderForActiTime">
        <test-method signature="openActiTime(java.lang.String,java.lang.String)[pri:0, instance:workingWithUnitTestNg.WorkingWithDataProviderForActiTime@46cdf8bd]" started-at="2024-01-29T16:10:57 IST" name="openActiTime" data-provider="setOfdata" finished-at="2024-01-29T16:11:23 IST" duration-ms="25079" status="PASS">
          <params>
            <param index="0">
              <value>
                <![CDATA[apoorva]]>
              </value>
            </param>
            <param index="1">
              <value>
                <![CDATA[acm]]>
              </value>
            </param>
          </params>
          <reporter-output>
          </reporter-output>
        </test-method> <!-- openActiTime -->
        <test-method signature="openActiTime(java.lang.String,java.lang.String)[pri:0, instance:workingWithUnitTestNg.WorkingWithDataProviderForActiTime@46cdf8bd]" started-at="2024-01-29T16:11:23 IST" name="openActiTime" data-provider="setOfdata" finished-at="2024-01-29T16:11:28 IST" duration-ms="5417" status="PASS">
          <params>
            <param index="0">
              <value>
                <![CDATA[acm]]>
              </value>
            </param>
            <param index="1">
              <value>
                <![CDATA[apoorva]]>
              </value>
            </param>
          </params>
          <reporter-output>
          </reporter-output>
        </test-method> <!-- openActiTime -->
        <test-method signature="openActiTime(java.lang.String,java.lang.String)[pri:0, instance:workingWithUnitTestNg.WorkingWithDataProviderForActiTime@46cdf8bd]" started-at="2024-01-29T16:11:28 IST" name="openActiTime" data-provider="setOfdata" finished-at="2024-01-29T16:11:32 IST" duration-ms="4018" status="PASS">
          <params>
            <param index="0">
              <value>
                <![CDATA[123]]>
              </value>
            </param>
            <param index="1">
              <value>
                <![CDATA[apoorva]]>
              </value>
            </param>
          </params>
          <reporter-output>
          </reporter-output>
        </test-method> <!-- openActiTime -->
      </class> <!-- workingWithUnitTestNg.WorkingWithDataProviderForActiTime -->
    </test> <!-- Default test -->
  </suite> <!-- Default suite -->
</testng-results>
