<?xml version="1.0" encoding="UTF-8"?>
<!-- Generated by org.testng.reporters.JUnitXMLReporter -->
<testsuite ignored="0" hostname="TYSS-Apoorva" failures="0" tests="5" name="Test1" time="62.097" errors="0" timestamp="2024-01-25T15:10:39 IST">
  <testcase classname="testScript.To_lunch_Flipcart" name="flipcart" time="4.066"/>
  <testcase classname="testScript.To_lunch_Lakme" name="lakmeindia" time="28.732"/>
  <testcase classname="testScript.To_Iunch_Lorealparis" name="lorealparis" time="3.016"/>
  <testcase classname="testScript.To_lunch_Maybelline" name="maybelline" time="2.842"/>
  <testcase classname="testScript.To_lunch_Motorola" name="motorola" time="23.396"/>
</testsuite> <!-- Test1 -->
