<?xml version="1.0" encoding="UTF-8"?>
<!-- Generated by org.testng.reporters.JUnitXMLReporter -->
<testsuite ignored="0" hostname="TYSS-Apoorva" failures="0" tests="5" name="Test" time="28.981" errors="0" timestamp="2024-01-25T15:09:36 IST">
  <testcase classname="testScript.To_lunch_DemoWebshop" name="demoWebshop" time="16.427"/>
  <testcase classname="testScript.To_lunch_Apple" name="apple" time="16.619"/>
  <testcase classname="testScript.To_lunch_Ajio" name="ajioApp" time="26.564"/>
  <testcase classname="testScript.To_lunch_Meesho" name="meesho" time="27.576"/>
  <testcase classname="testScript.To_lunch_Mi" name="mi" time="28.81"/>
</testsuite> <!-- Test -->
