<?xml version="1.0" encoding="UTF-8"?>
<!-- Generated by org.testng.reporters.JUnitXMLReporter -->
<testsuite ignored="0" hostname="TYSS-Apoorva" failures="0" tests="3" name="Default test" time="34.616" errors="0" timestamp="2024-01-29T16:11:32 IST">
  <testcase classname="workingWithUnitTestNg.WorkingWithDataProviderForActiTime" name="openActiTime" time="25.079"/>
  <testcase classname="workingWithUnitTestNg.WorkingWithDataProviderForActiTime" name="openActiTime" time="5.417"/>
  <testcase classname="workingWithUnitTestNg.WorkingWithDataProviderForActiTime" name="openActiTime" time="4.018"/>
</testsuite> <!-- Default test -->
